The target system is: freertos -  - armel
The host system is: Linux - 4.4.0-98-generic - x86_64
Compiling the C compiler identification source file "CMakeCCompilerId.c" succeeded.
Compiler: /opt/local/src/nrf52/gcc-arm-none-eabi-6-2017-q2-update/bin/arm-none-eabi-gcc 
Build flags: 
Id flags: -c

The output was:
0


Compilation of the C compiler identification source "CMakeCCompilerId.c" produced "CMakeCCompilerId.o"

The C compiler identification is GNU, found in "/opt/local/src/nrf52/nrf52-freertos-helloworld/app/blinky/build/CMakeFiles/3.5.1/CompilerIdC/CMakeCCompilerId.o"

Checking whether the ASM compiler is GNU using "--version" matched "(GNU assembler)|(GCC)|(Free Software Foundation)":
arm-none-eabi-gcc (GNU Tools for ARM Embedded Processors 6-2017-q2-update) 6.3.1 20170620 (release) [ARM/embedded-6-branch revision 249437]
Copyright (C) 2016 Free Software Foundation, Inc.
This is free software; see the source for copying conditions.  There is NO
warranty; not even for MERCHANTABILITY or FITNESS FOR A PARTICULAR PURPOSE.

Determining if files stdatomic.h exist passed with the following output:
Change Dir: /opt/local/src/nrf52/nrf52-freertos-helloworld/app/blinky/build/CMakeFiles/CMakeTmp

Run Build Command:"/usr/bin/make" "cmTC_2ac54/fast"
/usr/bin/make -f CMakeFiles/cmTC_2ac54.dir/build.make CMakeFiles/cmTC_2ac54.dir/build
make[1]: Entering directory '/home/opt/local/src/nrf52/nrf52-freertos-helloworld/app/blinky/build/CMakeFiles/CMakeTmp'
Building C object CMakeFiles/cmTC_2ac54.dir/CheckIncludeFiles.c.obj
/opt/local/src/nrf52/gcc-arm-none-eabi-6-2017-q2-update/bin/arm-none-eabi-gcc    -c   -o CMakeFiles/cmTC_2ac54.dir/CheckIncludeFiles.c.obj   -c /opt/local/src/nrf52/nrf52-freertos-helloworld/app/blinky/build/CMakeFiles/CMakeTmp/CheckIncludeFiles.c
Linking C executable cmTC_2ac54
/usr/bin/cmake -E cmake_link_script CMakeFiles/cmTC_2ac54.dir/link.txt --verbose=1
/opt/local/src/nrf52/gcc-arm-none-eabi-6-2017-q2-update/bin/arm-none-eabi-gcc   -c    CMakeFiles/cmTC_2ac54.dir/CheckIncludeFiles.c.obj  -o cmTC_2ac54  
arm-none-eabi-gcc: warning: CMakeFiles/cmTC_2ac54.dir/CheckIncludeFiles.c.obj: linker input file unused because linking not done
make[1]: Leaving directory '/home/opt/local/src/nrf52/nrf52-freertos-helloworld/app/blinky/build/CMakeFiles/CMakeTmp'


