Compiling the C compiler identification source file "CMakeCCompilerId.c" failed.
Compiler: /opt/local/src/nrf52/gcc-arm-none-eabi-6-2017-q2-update/bin/arm-none-eabi-gcc 
Build flags: 
Id flags: 

The output was:
1
/home/opt/local/src/nrf52/gcc-arm-none-eabi-6-2017-q2-update/bin/../lib/gcc/arm-none-eabi/6.3.1/../../../../arm-none-eabi/lib/libc.a(lib_a-exit.o): In function `exit':
exit.c:(.text.exit+0x2c): undefined reference to `_exit'
collect2: error: ld returned 1 exit status


Detecting C compiler ABI info failed to compile with the following output:
Change Dir: /opt/local/src/nrf52/nrf52-freertos-helloworld/app/blinky/build/CMakeFiles/CMakeTmp

Run Build Command:"/usr/bin/make" "cmTC_d7f74/fast"
/usr/bin/make -f CMakeFiles/cmTC_d7f74.dir/build.make CMakeFiles/cmTC_d7f74.dir/build
make[1]: Entering directory '/home/opt/local/src/nrf52/nrf52-freertos-helloworld/app/blinky/build/CMakeFiles/CMakeTmp'
Building C object CMakeFiles/cmTC_d7f74.dir/CMakeCCompilerABI.c.obj
/opt/local/src/nrf52/gcc-arm-none-eabi-6-2017-q2-update/bin/arm-none-eabi-gcc     -o CMakeFiles/cmTC_d7f74.dir/CMakeCCompilerABI.c.obj   -c /usr/share/cmake-3.5/Modules/CMakeCCompilerABI.c
Linking C executable cmTC_d7f74
/usr/bin/cmake -E cmake_link_script CMakeFiles/cmTC_d7f74.dir/link.txt --verbose=1
/opt/local/src/nrf52/gcc-arm-none-eabi-6-2017-q2-update/bin/arm-none-eabi-gcc      -v CMakeFiles/cmTC_d7f74.dir/CMakeCCompilerABI.c.obj  -o cmTC_d7f74   
Using built-in specs.
COLLECT_GCC=/opt/local/src/nrf52/gcc-arm-none-eabi-6-2017-q2-update/bin/arm-none-eabi-gcc
COLLECT_LTO_WRAPPER=/home/opt/local/src/nrf52/gcc-arm-none-eabi-6-2017-q2-update/bin/../lib/gcc/arm-none-eabi/6.3.1/lto-wrapper
Target: arm-none-eabi
Configured with: /tmp/jenkins-GCC-6-buildandreg-223_20170621_1498033910/src/gcc/configure --target=arm-none-eabi --prefix=/tmp/jenkins-GCC-6-buildandreg-223_20170621_1498033910/install-native --libexecdir=/tmp/jenkins-GCC-6-buildandreg-223_20170621_1498033910/install-native/lib --infodir=/tmp/jenkins-GCC-6-buildandreg-223_20170621_1498033910/install-native/share/doc/gcc-arm-none-eabi/info --mandir=/tmp/jenkins-GCC-6-buildandreg-223_20170621_1498033910/install-native/share/doc/gcc-arm-none-eabi/man --htmldir=/tmp/jenkins-GCC-6-buildandreg-223_20170621_1498033910/install-native/share/doc/gcc-arm-none-eabi/html --pdfdir=/tmp/jenkins-GCC-6-buildandreg-223_20170621_1498033910/install-native/share/doc/gcc-arm-none-eabi/pdf --enable-languages=c,c++ --enable-plugins --disable-decimal-float --disable-libffi --disable-libgomp --disable-libmudflap --disable-libquadmath --disable-libssp --disable-libstdcxx-pch --disable-nls --disable-shared --disable-threads --disable-tls --with-gnu-as --with-gnu-ld --with-newlib --with-headers=yes --with-python-dir=share/gcc-arm-none-eabi --with-sysroot=/tmp/jenkins-GCC-6-buildandreg-223_20170621_1498033910/install-native/arm-none-eabi --build=x86_64-linux-gnu --host=x86_64-linux-gnu --with-gmp=/tmp/jenkins-GCC-6-buildandreg-223_20170621_1498033910/build-native/host-libs/usr --with-mpfr=/tmp/jenkins-GCC-6-buildandreg-223_20170621_1498033910/build-native/host-libs/usr --with-mpc=/tmp/jenkins-GCC-6-buildandreg-223_20170621_1498033910/build-native/host-libs/usr --with-isl=/tmp/jenkins-GCC-6-buildandreg-223_20170621_1498033910/build-native/host-libs/usr --with-libelf=/tmp/jenkins-GCC-6-buildandreg-223_20170621_1498033910/build-native/host-libs/usr --with-host-libstdcxx='-static-libgcc -Wl,-Bstatic,-lstdc++,-Bdynamic -lm' --with-pkgversion='GNU Tools for ARM Embedded Processors 6-2017-q2-update' --with-multilib-list=rmprofile
Thread model: single
gcc version 6.3.1 20170620 (release) [ARM/embedded-6-branch revision 249437] (GNU Tools for ARM Embedded Processors 6-2017-q2-update) 
COMPILER_PATH=/home/opt/local/src/nrf52/gcc-arm-none-eabi-6-2017-q2-update/bin/../lib/gcc/arm-none-eabi/6.3.1/:/home/opt/local/src/nrf52/gcc-arm-none-eabi-6-2017-q2-update/bin/../lib/gcc/:/home/opt/local/src/nrf52/gcc-arm-none-eabi-6-2017-q2-update/bin/../lib/gcc/arm-none-eabi/6.3.1/../../../../arm-none-eabi/bin/
LIBRARY_PATH=/home/opt/local/src/nrf52/gcc-arm-none-eabi-6-2017-q2-update/bin/../lib/gcc/arm-none-eabi/6.3.1/:/home/opt/local/src/nrf52/gcc-arm-none-eabi-6-2017-q2-update/bin/../lib/gcc/:/home/opt/local/src/nrf52/gcc-arm-none-eabi-6-2017-q2-update/bin/../lib/gcc/arm-none-eabi/6.3.1/../../../../arm-none-eabi/lib/:/home/opt/local/src/nrf52/gcc-arm-none-eabi-6-2017-q2-update/bin/../arm-none-eabi/lib/
COLLECT_GCC_OPTIONS='-v' '-o' 'cmTC_d7f74'
 /home/opt/local/src/nrf52/gcc-arm-none-eabi-6-2017-q2-update/bin/../lib/gcc/arm-none-eabi/6.3.1/collect2 -plugin /home/opt/local/src/nrf52/gcc-arm-none-eabi-6-2017-q2-update/bin/../lib/gcc/arm-none-eabi/6.3.1/liblto_plugin.so -plugin-opt=/home/opt/local/src/nrf52/gcc-arm-none-eabi-6-2017-q2-update/bin/../lib/gcc/arm-none-eabi/6.3.1/lto-wrapper -plugin-opt=-fresolution=/tmp/ccpSoq9t.res -plugin-opt=-pass-through=-lgcc -plugin-opt=-pass-through=-lc --sysroot=/home/opt/local/src/nrf52/gcc-arm-none-eabi-6-2017-q2-update/bin/../arm-none-eabi -X -o cmTC_d7f74 /home/opt/local/src/nrf52/gcc-arm-none-eabi-6-2017-q2-update/bin/../lib/gcc/arm-none-eabi/6.3.1/crti.o /home/opt/local/src/nrf52/gcc-arm-none-eabi-6-2017-q2-update/bin/../lib/gcc/arm-none-eabi/6.3.1/crtbegin.o /home/opt/local/src/nrf52/gcc-arm-none-eabi-6-2017-q2-update/bin/../lib/gcc/arm-none-eabi/6.3.1/../../../../arm-none-eabi/lib/crt0.o -L/home/opt/local/src/nrf52/gcc-arm-none-eabi-6-2017-q2-update/bin/../lib/gcc/arm-none-eabi/6.3.1 -L/home/opt/local/src/nrf52/gcc-arm-none-eabi-6-2017-q2-update/bin/../lib/gcc -L/home/opt/local/src/nrf52/gcc-arm-none-eabi-6-2017-q2-update/bin/../lib/gcc/arm-none-eabi/6.3.1/../../../../arm-none-eabi/lib -L/home/opt/local/src/nrf52/gcc-arm-none-eabi-6-2017-q2-update/bin/../arm-none-eabi/lib CMakeFiles/cmTC_d7f74.dir/CMakeCCompilerABI.c.obj --start-group -lgcc -lc --end-group /home/opt/local/src/nrf52/gcc-arm-none-eabi-6-2017-q2-update/bin/../lib/gcc/arm-none-eabi/6.3.1/crtend.o /home/opt/local/src/nrf52/gcc-arm-none-eabi-6-2017-q2-update/bin/../lib/gcc/arm-none-eabi/6.3.1/crtn.o
/home/opt/local/src/nrf52/gcc-arm-none-eabi-6-2017-q2-update/bin/../lib/gcc/arm-none-eabi/6.3.1/../../../../arm-none-eabi/lib/libc.a(lib_a-exit.o): In function `exit':
exit.c:(.text.exit+0x2c): undefined reference to `_exit'
collect2: error: ld returned 1 exit status
CMakeFiles/cmTC_d7f74.dir/build.make:97: recipe for target 'cmTC_d7f74' failed
make[1]: *** [cmTC_d7f74] Error 1
make[1]: Leaving directory '/home/opt/local/src/nrf52/nrf52-freertos-helloworld/app/blinky/build/CMakeFiles/CMakeTmp'
Makefile:126: recipe for target 'cmTC_d7f74/fast' failed
make: *** [cmTC_d7f74/fast] Error 2



Detecting C [-std=c11] compiler features failed to compile with the following output:
Change Dir: /opt/local/src/nrf52/nrf52-freertos-helloworld/app/blinky/build/CMakeFiles/CMakeTmp

Run Build Command:"/usr/bin/make" "cmTC_cdb24/fast"
/usr/bin/make -f CMakeFiles/cmTC_cdb24.dir/build.make CMakeFiles/cmTC_cdb24.dir/build
make[1]: Entering directory '/home/opt/local/src/nrf52/nrf52-freertos-helloworld/app/blinky/build/CMakeFiles/CMakeTmp'
Building C object CMakeFiles/cmTC_cdb24.dir/feature_tests.c.obj
/opt/local/src/nrf52/gcc-arm-none-eabi-6-2017-q2-update/bin/arm-none-eabi-gcc    -std=c11 -o CMakeFiles/cmTC_cdb24.dir/feature_tests.c.obj   -c /opt/local/src/nrf52/nrf52-freertos-helloworld/app/blinky/build/CMakeFiles/feature_tests.c
Linking C executable cmTC_cdb24
/usr/bin/cmake -E cmake_link_script CMakeFiles/cmTC_cdb24.dir/link.txt --verbose=1
/opt/local/src/nrf52/gcc-arm-none-eabi-6-2017-q2-update/bin/arm-none-eabi-gcc       CMakeFiles/cmTC_cdb24.dir/feature_tests.c.obj  -o cmTC_cdb24  
/home/opt/local/src/nrf52/gcc-arm-none-eabi-6-2017-q2-update/bin/../lib/gcc/arm-none-eabi/6.3.1/../../../../arm-none-eabi/lib/libc.a(lib_a-exit.o): In function `exit':
exit.c:(.text.exit+0x2c): undefined reference to `_exit'
collect2: error: ld returned 1 exit status
CMakeFiles/cmTC_cdb24.dir/build.make:97: recipe for target 'cmTC_cdb24' failed
make[1]: *** [cmTC_cdb24] Error 1
make[1]: Leaving directory '/home/opt/local/src/nrf52/nrf52-freertos-helloworld/app/blinky/build/CMakeFiles/CMakeTmp'
Makefile:126: recipe for target 'cmTC_cdb24/fast' failed
make: *** [cmTC_cdb24/fast] Error 2



